â¯ make install 2>../make_install.log 1>&2 
make[1]: Entering directory '/opt/libuv/archive/source/libuv-v1.38.1'
 /usr/bin/mkdir -p '/opt/libuv/lib'
 /bin/bash ./libtool   --mode=install /usr/bin/install -c   libuv.la '/opt/libuv/lib'
libtool: install: /usr/bin/install -c .libs/libuv.so.1.0.0 /opt/libuv/lib/libuv.so.1.0.0
libtool: install: (cd /opt/libuv/lib && { ln -s -f libuv.so.1.0.0 libuv.so.1 || { rm -f libuv.so.1 && ln -s libuv.so.1.0.0 libuv.so.1; }; })
libtool: install: (cd /opt/libuv/lib && { ln -s -f libuv.so.1.0.0 libuv.so || { rm -f libuv.so && ln -s libuv.so.1.0.0 libuv.so; }; })
libtool: install: /usr/bin/install -c .libs/libuv.lai /opt/libuv/lib/libuv.la
libtool: install: /usr/bin/install -c .libs/libuv.a /opt/libuv/lib/libuv.a
libtool: install: chmod 644 /opt/libuv/lib/libuv.a
libtool: install: ranlib /opt/libuv/lib/libuv.a
libtool: finish: PATH="/opt/zlib/bin:/opt/valgrind/bin:/opt/sqlite/bin:/opt/shadowsocks/bin:/opt/ruby/bin:/opt/python3/bin:/opt/python2/bin:/opt/openssl/bin:/opt/httpd/bin:/opt/ffi/bin:/opt/expat/bin:/opt/bzip2/bin:/opt/autoconf/bin:/opt/asciidoc/bin:/opt/apr-util/bin:/opt/apr-iconv/bin:/opt/apr/bin:/root/.local/bin:/usr/games:/usr/local/bin:/usr/local/sbin:/usr/sbin:/usr/bin:/sbin:/bin:/sbin" ldconfig -n /opt/libuv/lib
----------------------------------------------------------------------
Libraries have been installed in:
   /opt/libuv/lib

If you ever happen to want to link against installed libraries
in a given directory, LIBDIR, you must either use libtool, and
specify the full pathname of the library, or use the '-LLIBDIR'
flag during linking and do at least one of the following:
   - add LIBDIR to the 'LD_LIBRARY_PATH' environment variable
     during execution
   - add LIBDIR to the 'LD_RUN_PATH' environment variable
     during linking
   - use the '-Wl,-rpath -Wl,LIBDIR' linker flag
   - have your system administrator add LIBDIR to '/etc/ld.so.conf'

See any operating system documentation about shared libraries for
more information, such as the ld(1) and ld.so(8) manual pages.
----------------------------------------------------------------------
 /usr/bin/mkdir -p '/opt/libuv/include'
 /usr/bin/install -c -m 644 include/uv.h '/opt/libuv/include'
 /usr/bin/mkdir -p '/opt/libuv/lib/pkgconfig'
 /usr/bin/install -c -m 644 libuv.pc '/opt/libuv/lib/pkgconfig'
 /usr/bin/mkdir -p '/opt/libuv/include/uv'
 /usr/bin/install -c -m 644 include/uv/errno.h include/uv/threadpool.h include/uv/version.h include/uv/unix.h include/uv/linux.h '/opt/libuv/include/uv'
make[1]: Leaving directory '/opt/libuv/archive/source/libuv-v1.38.1'
